1623976555527	geckodriver	INFO	Listening on 127.0.0.1:2132
1623976558575	mozrunner::runner	INFO	Running command: "C:\\Program Files\\Mozilla Firefox\\firefox.exe" "--marionette" "--headless" "-foreground" "-no-remote" "-profile" "C:\\Users\\Bowie\\AppData\\Local\\Temp\\rust_mozprofileEehJxT"
*** You are running in headless mode.
1623976559555	Marionette	INFO	Marionette enabled
console.warn: SearchSettings: "get: No settings file exists, new profile?" (new NotFoundError("Could not open the file at C:\\Users\\Bowie\\AppData\\Local\\Temp\\rust_mozprofileEehJxT\\search.json.mozlz4", (void 0)))
1623976563306	Marionette	INFO	Listening on port 2140
1623976563419	Marionette	WARN	TLS certificate errors will be ignored for this session
JavaScript error: https://d.turn.com/r/dft/id/L21rdC8xMjU2L3BpZC85NjE5NjAzMC90LzA, line 1: SecurityError: Permission denied to access property "document" on cross-origin object
JavaScript error: https://d.turn.com/r/dft/id/L21rdC8xMjU2L3BpZC85NjE5NjAzMC90LzA, line 1: SecurityError: Permission denied to access property "document" on cross-origin object
JavaScript error: https://d.turn.com/r/dft/id/L21rdC8xMjU2L3BpZC85NjE5NjAzMC90LzA, line 1: SecurityError: Permission denied to access property "document" on cross-origin object
JavaScript error: https://d.turn.com/r/dft/id/L21rdC8xMjU2L3BpZC85NjE5NjAzMC90LzA, line 1: SecurityError: Permission denied to access property "document" on cross-origin object
JavaScript error: https://d.turn.com/r/dft/id/L21rdC8xMjU2L3BpZC85NjE5NjAzMC90LzA, line 1: SecurityError: Permission denied to access property "document" on cross-origin object
JavaScript error: https://d.turn.com/r/dft/id/L21rdC8xMjU2L3BpZC85NjE5NjAzMC90LzA, line 1: SecurityError: Permission denied to access property "document" on cross-origin object
JavaScript error: https://d.turn.com/r/dft/id/L21rdC8xMjU2L3BpZC85NjE5NjAzMC90LzA, line 1: SecurityError: Permission denied to access property "document" on cross-origin object
JavaScript error: , line 0: NS_ERROR_NOT_AVAILABLE
[GFX1-]: Failed buffer for 535, 528, 250, 242
Exiting due to channel error.
Exiting due to channel error.
nd: "C:\\Program Files\\Mozilla Firefox\\firefox.exe" "--marionette" "--headless" "-foreground" "-no-remote" "-profile" "C:\\Users\\Bowie\\AppData\\Local\\Temp\\rust_mozprofilef7Xykx"
*** You are running in headless mode.
1623980901899	Marionette	INFO	Marionette enabled
console.warn: SearchSettings: "get: No settings file exists, new profile?" (new NotFoundError("Could not open the file at C:\\Users\\Bowie\\AppData\\Local\\Temp\\rust_mozprofilef7Xykx\\search.json.mozlz4", (void 0)))
1623980905145	Marionette	INFO	Listening on port 3994
1623980905439	Marionette	WARN	TLS certificate errors will be ignored for this session
JavaScript error: https://d.turn.com/r/dft/id/L21rdC8xMjU2L3BpZC85NjE5NjAzMC90LzA, line 1: SecurityError: Permission denied to access property "document" on cross-origin object
JavaScript error: https://d.turn.com/r/dft/id/L21rdC8xMjU2L3BpZC85NjE5NjAzMC90LzA, line 1: SecurityError: Permission denied to access property "document" on cross-origin object
JavaScript error: https://d.turn.com/r/dft/id/L21rdC8xMjU2L3BpZC85NjE5NjAzMC90LzA, line 1: SecurityError: Permission denied to access property "document" on cross-origin object
JavaScript error: https://d.turn.com/r/dft/id/L21rdC8xMjU2L3BpZC85NjE5NjAzMC90LzA, line 1: SecurityError: Permission denied to access property "document" on cross-origin object
JavaScript error: https://d.turn.com/r/dft/id/L21rdC8xMjU2L3BpZC85NjE5NjAzMC90LzA, line 1: SecurityError: Permission denied to access property "document" on cross-origin object
JavaScript error: https://d.turn.com/r/dft/id/L21rdC8xMjU2L3BpZC85NjE5NjAzMC90LzA, line 1: SecurityError: Permission denied to access property "document" on cross-origin object
JavaScript error: https://d.turn.com/r/dft/id/L21rdC8xMjU2L3BpZC85NjE5NjAzMC90LzA, line 1: SecurityError: Permission denied to access property "document" on cross-origin object
JavaScript error: , line 0: NS_ERROR_NOT_AVAILABLE
[GFX1-]: Failed buffer for 525, 520, 283, 250
[GFX1-]: Failed buffer for 0, 0, 1981, 376
[GFX1-]: Failed buffer for 845, 520, 283, 250
[GFX1-]: Failed buffer for 0, 0, 1349, 1108
[GFX1-]: Failed buffer for 0, 0, 1981, 376
[GFX1-]: Failed buffer for 525, 260, 283, 250
[GFX1-]: Failed buffer for 525, 520, 283, 250
[GFX1-]: Failed buffer for 0, 0, 1981, 376
[GFX1-]: Failed buffer for 845, 520, 283, 250
Exiting due to channel error.
Exiting due to channel error.
1624608643230	geckodriver	INFO	Listening on 127.0.0.1:2102
1624608646272	mozrunner::runner	INFO	Running command: "C:\\Program Files\\Mozilla Firefox\\firefox.exe" "--marionette" "--headless" "-foreground" "-no-remote" "-profile" "C:\\Users\\Bowie\\AppData\\Local\\Temp\\rust_mozprofilevCaX2V"
*** You are running in headless mode.
1624608647794	Marionette	INFO	Marionette enabled
console.warn: SearchSettings: "get: No settings file exists, new profile?" (new NotFoundError("Could not open the file at C:\\Users\\Bowie\\AppData\\Local\\Temp\\rust_mozprofilevCaX2V\\search.json.mozlz4", (void 0)))
1624608650779	Marionette	INFO	Listening on port 2110
1624608651112	Marionette	WARN	TLS certificate errors will be ignored for this session
console.error: Region.jsm: "Error fetching region" (new Error("TIMEOUT", "resource://gre/modules/Region.jsm", 772))
console.error: Region.jsm: "Failed to fetch region" (new Error("TIMEOUT", "resource://gre/modules/Region.jsm", 419))
JavaScript error: http://prm.customs.go.id/Prm/, line 1: ReferenceError: inputKey is not defined
JavaScript error: http://prm.customs.go.id/Prm/, line 1: ReferenceError: inputKey is not defined
JavaScript error: http://prm.customs.go.id/Prm/, line 1: ReferenceError: inputKey is not defined
JavaScript error: http://prm.customs.go.id/Prm/, line 1: ReferenceError: inputKey is not defined
JavaScript error: http://prm.customs.go.id/Prm/, line 1: ReferenceError: inputKey is not defined
JavaScript error: http://prm.customs.go.id/Prm/, line 1: ReferenceError: inputKey is not defined
JavaScript error: http://prm.customs.go.id/Prm/, line 1: ReferenceError: inputKey is not defined
1624608657719	Marionette	WARN	Ignoring event 'DOMContentLoaded' because document has an invalid readyState of 'complete'.
console.log: WebExtensions: reset-default-search: starting.
console.log: WebExtensions: reset-default-search: No addons in our list are installed.
Exiting due to channel error.
-headless" "-foreground" "-no-remote" "-profile" "C:\\Users\\Bowie\\AppData\\Local\\Temp\\rust_mozprofiledM6xAK"
*** You are running in headless mode.
1624608777902	Marionette	INFO	Marionette enabled
console.warn: SearchSettings: "get: No settings file exists, new profile?" (new NotFoundError("Could not open the file at C:\\Users\\Bowie\\AppData\\Local\\Temp\\rust_mozprofiledM6xAK\\search.json.mozlz4", (void 0)))
1624608780784	Marionette	INFO	Listening on port 2263
1624608781379	Marionette	WARN	TLS certificate errors will be ignored for this session
console.error: Region.jsm: "Error fetching region" (new Error("TIMEOUT", "resource://gre/modules/Region.jsm", 772))
console.error: Region.jsm: "Failed to fetch region" (new Error("TIMEOUT", "resource://gre/modules/Region.jsm", 419))
1624608792692	Marionette	INFO	Stopped listening on port 2263
console.error: services.settings: 
  main/partitioning-exempt-urls Signature failed  TypeError: NetworkError when attempting to fetch resource.
console.error: services.settings: 
  main/message-groups Signature failed  TypeError: NetworkError when attempting to fetch resource.

###!!! [Child][MessageChannel] Error: (msgtype=0x390141,name=PContent::Msg_ScriptError) Channel closing: too late to send/recv, messages will be lost


###!!! [Child][RunMessage] Error: Channel closing: too late to send/recv, messages will be lost


###!!! [Child][MessageChannel] Error: (msgtype=0x390141,name=PContent::Msg_ScriptError) Channel closing: too late to send/recv, messages will be lost


###!!! [Child][RunMessage] Error: Channel closing: too late to send/recv, messages will be lost


###!!! [Child][MessageChannel] Error: (msgtype=0x390141,name=PContent::Msg_ScriptError) Channel closing: too late to send/recv, messages will be lost


###!!! [Child][RunMessage] Error: Channel closing: too late to send/recv, messages will be lost


###!!! [Child][MessageChannel] Error: (msgtype=0x390141,name=PContent::Msg_ScriptError) Channel closing: too late to send/recv, messages will be lost


###!!! [Child][RunMessage] Error: Channel closing: too late to send/recv, messages will be lost


###!!! [Child][MessageChannel] Error: (msgtype=0x390141,name=PContent::Msg_ScriptError) Channel closing: too late to send/recv, messages will be lost


###!!! [Child][RunMessage] Error: Channel closing: too late to send/recv, messages will be lost


###!!! [Child][MessageChannel] Error: (msgtype=0x230030,name=PBrowser::Msg___delete__) Channel closing: too late to send/recv, messages will be lost

